--- adb starting (pid 79) ---
adb I    79    79 main.cpp:78] Android Debug Bridge version 1.0.36
adb I    79    79 main.cpp:78] Revision af05c7354fe1-android
adb I    79    79 main.cpp:78] 
--- adb starting (pid 355) ---
adb I   355   355 main.cpp:78] Android Debug Bridge version 1.0.36
adb I   355   355 main.cpp:78] Revision af05c7354fe1-android
adb I   355   355 main.cpp:78] 
--- adb starting (pid 124) ---
adb I   124   124 main.cpp:78] Android Debug Bridge version 1.0.36
adb I   124   124 main.cpp:78] Revision af05c7354fe1-android
adb I   124   124 main.cpp:78] 
--- adb starting (pid 543) ---
adb I   543   543 main.cpp:78] Android Debug Bridge version 1.0.36
adb I   543   543 main.cpp:78] Revision af05c7354fe1-android
adb I   543   543 main.cpp:78] 
--- adb starting (pid 118) ---
adb I   118   118 main.cpp:78] Android Debug Bridge version 1.0.36
adb I   118   118 main.cpp:78] Revision af05c7354fe1-android
adb I   118   118 main.cpp:78] 
--- adb starting (pid 79) ---
adb I    79    79 main.cpp:78] Android Debug Bridge version 1.0.36
adb I    79    79 main.cpp:78] Revision af05c7354fe1-android
adb I    79    79 main.cpp:78] 
--- adb starting (pid 77) ---
adb I    77    77 main.cpp:78] Android Debug Bridge version 1.0.36
adb I    77    77 main.cpp:78] Revision af05c7354fe1-android
adb I    77    77 main.cpp:78] 
--- adb starting (pid 81) ---
adb I    81    81 main.cpp:78] Android Debug Bridge version 1.0.36
adb I    81    81 main.cpp:78] Revision af05c7354fe1-android
adb I    81    81 main.cpp:78] 
--- adb starting (pid 377) ---
adb I   377   377 main.cpp:78] Android Debug Bridge version 1.0.36
adb I   377   377 main.cpp:78] Revision af05c7354fe1-android
adb I   377   377 main.cpp:78] 
